#
# A fatal error has been detected by the Java Runtime Environment:
#
#  Internal Error (javaClasses.cpp:136), pid=27695, tid=139748818786048
#  fatal error: Invalid layout of preloaded class
#
# JRE version:  (7.0_45-b15) (build )
# Java VM: OpenJDK 64-Bit Server VM (24.45-b08 mixed mode linux-amd64 compressed oops)
# Failed to write core dump. Core dumps have been disabled. To enable core dumping, try "ulimit -c unlimited" before starting Java again
#
# If you would like to submit a bug report, please include
# instructions on how to reproduce the bug and visit:
#   http://icedtea.classpath.org/bugzilla
#

---------------  T H R E A D  ---------------

Current thread (0x00007f19c8009000):  JavaThread "Unknown thread" [_thread_in_vm, id=27701, stack(0x00007f19cea39000,0x00007f19ceb3a000)]

Stack: [0x00007f19cea39000,0x00007f19ceb3a000],  sp=0x00007f19ceb38870,  free space=1022k
Native frames: (J=compiled Java code, j=interpreted, Vv=VM code, C=native code)
V  [libjvm.so+0x923f5d]  JVM_handle_linux_signal+0x1689ad
V  [libjvm.so+0x477539]  dlerror+0x477539
V  [libjvm.so+0x5d6d6b]  AsyncGetCallTrace+0xe6a0b
V  [libjvm.so+0x5d7e16]  AsyncGetCallTrace+0xe7ab6
V  [libjvm.so+0x8b053e]  JVM_handle_linux_signal+0xf4f8e
V  [libjvm.so+0x8fbe8b]  JVM_handle_linux_signal+0x1408db
V  [libjvm.so+0x8fc379]  JVM_handle_linux_signal+0x140dc9
V  [libjvm.so+0x583c9a]  AsyncGetCallTrace+0x9393a
V  [libjvm.so+0x8e4d09]  JVM_handle_linux_signal+0x129759
V  [libjvm.so+0x5df83f]  JNI_CreateJavaVM+0x6f
C  [libjli.so+0x2ef7]  printf+0x2ef7


---------------  P R O C E S S  ---------------

Java Threads: ( => current thread )

Other Threads:

=>0x00007f19c8009000 (exited) JavaThread "Unknown thread" [_thread_in_vm, id=27701, stack(0x00007f19cea39000,0x00007f19ceb3a000)]

VM state:not at safepoint (not fully initialized)

VM Mutex/Monitor currently owned by a thread: None

GC Heap History (0 events):
No events

Deoptimization events (0 events):
No events

Internal exceptions (0 events):
No events

Events (10 events):
Event: 0.008 loading class 0x00007f19cd6950d0
Event: 0.009 loading class 0x00007f19cd6950d0 done
Event: 0.009 loading class 0x00007f19cd695110
Event: 0.009 loading class 0x00007f19cd6956f0
Event: 0.009 loading class 0x00007f19cd6956f0 done
Event: 0.009 loading class 0x00007f19cd69bd50
Event: 0.009 loading class 0x00007f19cd69bd50 done
Event: 0.009 loading class 0x00007f19cd695110 done
Event: 0.009 loading class 0x00007f19cd6950f0
Event: 0.009 loading class 0x00007f19cd6950f0 done


Dynamic libraries:
00400000-00401000 r-xp 00000000 08:01 2465859                            /usr/lib/jvm/java-1.7.0-openjdk-1.7.0.45.x86_64/bin/java
00600000-00602000 rw-p 00000000 08:01 2465859                            /usr/lib/jvm/java-1.7.0-openjdk-1.7.0.45.x86_64/bin/java
01765000-01786000 rw-p 00000000 00:00 0                                  [heap]
b9600000-bab00000 rw-p 00000000 00:00 0 
bab00000-c3c00000 rw-p 00000000 00:00 0 
c3c00000-c6400000 rw-p 00000000 00:00 0 
c6400000-ebe80000 rw-p 00000000 00:00 0 
ebe80000-ed300000 rw-p 00000000 00:00 0 
ed300000-100000000 rw-p 00000000 00:00 0 
3378800000-3378820000 r-xp 00000000 08:01 49199                          /lib64/ld-2.12.so
3378a1f000-3378a20000 r--p 0001f000 08:01 49199                          /lib64/ld-2.12.so
3378a20000-3378a21000 rw-p 00020000 08:01 49199                          /lib64/ld-2.12.so
3378a21000-3378a22000 rw-p 00000000 00:00 0 
3378c00000-3378d8b000 r-xp 00000000 08:01 49236                          /lib64/libc-2.12.so
3378d8b000-3378f8a000 ---p 0018b000 08:01 49236                          /lib64/libc-2.12.so
3378f8a000-3378f8e000 r--p 0018a000 08:01 49236                          /lib64/libc-2.12.so
3378f8e000-3378f8f000 rw-p 0018e000 08:01 49236                          /lib64/libc-2.12.so
3378f8f000-3378f94000 rw-p 00000000 00:00 0 
3379000000-337900d000 r-xp 00000000 08:01 2465809                        /usr/lib/jvm/java-1.7.0-openjdk-1.7.0.45.x86_64/lib/amd64/jli/libjli.so
337900d000-337920c000 ---p 0000d000 08:01 2465809                        /usr/lib/jvm/java-1.7.0-openjdk-1.7.0.45.x86_64/lib/amd64/jli/libjli.so
337920c000-337920d000 rw-p 0000c000 08:01 2465809                        /usr/lib/jvm/java-1.7.0-openjdk-1.7.0.45.x86_64/lib/amd64/jli/libjli.so
3379400000-3379402000 r-xp 00000000 08:01 49404                          /lib64/libdl-2.12.so
3379402000-3379602000 ---p 00002000 08:01 49404                          /lib64/libdl-2.12.so
3379602000-3379603000 r--p 00002000 08:01 49404                          /lib64/libdl-2.12.so
3379603000-3379604000 rw-p 00003000 08:01 49404                          /lib64/libdl-2.12.so
3379800000-3379817000 r-xp 00000000 08:01 49401                          /lib64/libpthread-2.12.so
3379817000-3379a17000 ---p 00017000 08:01 49401                          /lib64/libpthread-2.12.so
3379a17000-3379a18000 r--p 00017000 08:01 49401                          /lib64/libpthread-2.12.so
3379a18000-3379a19000 rw-p 00018000 08:01 49401                          /lib64/libpthread-2.12.so
3379a19000-3379a1d000 rw-p 00000000 00:00 0 
3379c00000-3379c15000 r-xp 00000000 08:01 49244                          /lib64/libz.so.1.2.3
3379c15000-3379e14000 ---p 00015000 08:01 49244                          /lib64/libz.so.1.2.3
3379e14000-3379e15000 r--p 00014000 08:01 49244                          /lib64/libz.so.1.2.3
3379e15000-3379e16000 rw-p 00015000 08:01 49244                          /lib64/libz.so.1.2.3
337a000000-337a007000 r-xp 00000000 08:01 50091                          /lib64/librt-2.12.so
337a007000-337a206000 ---p 00007000 08:01 50091                          /lib64/librt-2.12.so
337a206000-337a207000 r--p 00006000 08:01 50091                          /lib64/librt-2.12.so
337a207000-337a208000 rw-p 00007000 08:01 50091                          /lib64/librt-2.12.so
337d800000-337d816000 r-xp 00000000 08:01 49347                          /lib64/libgcc_s-4.4.7-20120601.so.1
337d816000-337da15000 ---p 00016000 08:01 49347                          /lib64/libgcc_s-4.4.7-20120601.so.1
337da15000-337da16000 rw-p 00015000 08:01 49347                          /lib64/libgcc_s-4.4.7-20120601.so.1
337f800000-337f8e8000 r-xp 00000000 08:01 1918210                        /usr/lib64/libstdc++.so.6.0.13
337f8e8000-337fae8000 ---p 000e8000 08:01 1918210                        /usr/lib64/libstdc++.so.6.0.13
337fae8000-337faef000 r--p 000e8000 08:01 1918210                        /usr/lib64/libstdc++.so.6.0.13
337faef000-337faf1000 rw-p 000ef000 08:01 1918210                        /usr/lib64/libstdc++.so.6.0.13
337faf1000-337fb06000 rw-p 00000000 00:00 0 
7f19b4000000-7f19b4021000 rw-p 00000000 00:00 0 
7f19b4021000-7f19b8000000 ---p 00000000 00:00 0 
7f19bc000000-7f19bc021000 rw-p 00000000 00:00 0 
7f19bc021000-7f19c0000000 ---p 00000000 00:00 0 
7f19c2cb0000-7f19c5000000 rw-p 00000000 00:00 0 
7f19c5000000-7f19c5270000 rwxp 00000000 00:00 0 
7f19c5270000-7f19c804e000 rw-p 00000000 00:00 0 
7f19c804e000-7f19cc000000 ---p 00000000 00:00 0 
7f19cd60d000-7f19cd60f000 rw-p 00000000 00:00 0 
7f19cd60f000-7f19cd61f000 r--s 000bf000 00:14 1436112276                 /afs/inf.ed.ac.uk/user/s11/s1117764/Desktop/leJOS_NXJ_0.9.1beta-3/lib/nxt/classes.jar
7f19cd61f000-7f19cd925000 rw-p 00000000 00:00 0 
7f19cd925000-7f19cd926000 ---p 00000000 00:00 0 
7f19cd926000-7f19cda26000 rw-p 00000000 00:00 0 
7f19cda26000-7f19cda27000 ---p 00000000 00:00 0 
7f19cda27000-7f19cdb32000 rw-p 00000000 00:00 0 
7f19cdb32000-7f19cdb7a000 rw-p 00000000 00:00 0 
7f19cdb7a000-7f19cdb8e000 rw-p 00000000 00:00 0 
7f19cdb8e000-7f19cdcbc000 rw-p 00000000 00:00 0 
7f19cdcbc000-7f19cdcc7000 rw-p 00000000 00:00 0 
7f19cdcc7000-7f19cdd0f000 rw-p 00000000 00:00 0 
7f19cdd0f000-7f19cdd23000 rw-p 00000000 00:00 0 
7f19cdd23000-7f19cde50000 rw-p 00000000 00:00 0 
7f19cde50000-7f19cde5b000 rw-p 00000000 00:00 0 
7f19cde5b000-7f19cdef1000 rw-p 00000000 00:00 0 
7f19cdef1000-7f19cdefc000 rw-p 00000000 00:00 0 
7f19cdefc000-7f19cdfb2000 rw-p 00000000 00:00 0 
7f19cdfb2000-7f19cdfba000 r-xp 00000000 08:01 2453045                    /usr/lib/jvm/java-1.7.0-openjdk-1.7.0.45.x86_64/jre/lib/amd64/libzip.so
7f19cdfba000-7f19ce1b9000 ---p 00008000 08:01 2453045                    /usr/lib/jvm/java-1.7.0-openjdk-1.7.0.45.x86_64/jre/lib/amd64/libzip.so
7f19ce1b9000-7f19ce1ba000 rw-p 00007000 08:01 2453045                    /usr/lib/jvm/java-1.7.0-openjdk-1.7.0.45.x86_64/jre/lib/amd64/libzip.so
7f19ce1ba000-7f19ce1c5000 r-xp 00000000 08:01 52483                      /lib64/libnss_ldap.so.2
7f19ce1c5000-7f19ce3c4000 ---p 0000b000 08:01 52483                      /lib64/libnss_ldap.so.2
7f19ce3c4000-7f19ce3c5000 rw-p 0000a000 08:01 52483                      /lib64/libnss_ldap.so.2
7f19ce3c5000-7f19ce3d1000 r-xp 00000000 08:01 49383                      /lib64/libnss_files-2.12.so
7f19ce3d1000-7f19ce5d1000 ---p 0000c000 08:01 49383                      /lib64/libnss_files-2.12.so
7f19ce5d1000-7f19ce5d2000 r--p 0000c000 08:01 49383                      /lib64/libnss_files-2.12.so
7f19ce5d2000-7f19ce5d3000 rw-p 0000d000 08:01 49383                      /lib64/libnss_files-2.12.so
7f19ce5d8000-7f19ce600000 rw-p 00000000 00:00 0 
7f19ce600000-7f19ce629000 r-xp 00000000 08:01 2453024                    /usr/lib/jvm/java-1.7.0-openjdk-1.7.0.45.x86_64/jre/lib/amd64/libjava.so
7f19ce629000-7f19ce828000 ---p 00029000 08:01 2453024                    /usr/lib/jvm/java-1.7.0-openjdk-1.7.0.45.x86_64/jre/lib/amd64/libjava.so
7f19ce828000-7f19ce82a000 rw-p 00028000 08:01 2453024                    /usr/lib/jvm/java-1.7.0-openjdk-1.7.0.45.x86_64/jre/lib/amd64/libjava.so
7f19ce82a000-7f19ce837000 r-xp 00000000 08:01 2453044                    /usr/lib/jvm/java-1.7.0-openjdk-1.7.0.45.x86_64/jre/lib/amd64/libverify.so
7f19ce837000-7f19cea37000 ---p 0000d000 08:01 2453044                    /usr/lib/jvm/java-1.7.0-openjdk-1.7.0.45.x86_64/jre/lib/amd64/libverify.so
7f19cea37000-7f19cea39000 rw-p 0000d000 08:01 2453044                    /usr/lib/jvm/java-1.7.0-openjdk-1.7.0.45.x86_64/jre/lib/amd64/libverify.so
7f19cea39000-7f19cea3c000 ---p 00000000 00:00 0 
7f19cea3c000-7f19ceb3a000 rw-p 00000000 00:00 0 
7f19ceb3a000-7f19cebbd000 r-xp 00000000 08:01 49237                      /lib64/libm-2.12.so
7f19cebbd000-7f19cedbc000 ---p 00083000 08:01 49237                      /lib64/libm-2.12.so
7f19cedbc000-7f19cedbd000 r--p 00082000 08:01 49237                      /lib64/libm-2.12.so
7f19cedbd000-7f19cedbe000 rw-p 00083000 08:01 49237                      /lib64/libm-2.12.so
7f19cedbe000-7f19cf8a8000 r-xp 00000000 08:01 2453049                    /usr/lib/jvm/java-1.7.0-openjdk-1.7.0.45.x86_64/jre/lib/amd64/server/libjvm.so
7f19cf8a8000-7f19cfaa8000 ---p 00aea000 08:01 2453049                    /usr/lib/jvm/java-1.7.0-openjdk-1.7.0.45.x86_64/jre/lib/amd64/server/libjvm.so
7f19cfaa8000-7f19cfb63000 rw-p 00aea000 08:01 2453049                    /usr/lib/jvm/java-1.7.0-openjdk-1.7.0.45.x86_64/jre/lib/amd64/server/libjvm.so
7f19cfb63000-7f19cfb93000 rw-p 00000000 00:00 0 
7f19cfb9f000-7f19cfbb6000 rw-p 00000000 00:00 0 
7f19cfbb6000-7f19cfbbe000 rw-s 00000000 08:01 1087306                    /tmp/hsperfdata_s1117764/27695
7f19cfbbe000-7f19cfbbf000 rw-p 00000000 00:00 0 
7f19cfbbf000-7f19cfbc0000 r--p 00000000 00:00 0 
7f19cfbc0000-7f19cfbc1000 rw-p 00000000 00:00 0 
7fff06680000-7fff06696000 rw-p 00000000 00:00 0                          [stack]
7fff066ce000-7fff066cf000 r-xp 00000000 00:00 0                          [vdso]
ffffffffff600000-ffffffffff601000 r-xp 00000000 00:00 0                  [vsyscall]

VM Arguments:
jvm_args: -Dfile.encoding=UTF-8 -Xbootclasspath:/afs/inf.ed.ac.uk/user/s11/s1117764/Desktop/leJOS_NXJ_0.9.1beta-3/lib/nxt/classes.jar 
java_command: sdp.nxj.bluetooth.BTReceive
Launcher Type: SUN_STANDARD

Environment Variables:
PATH=/afs/inf.ed.ac.uk/user/s11/s1117764/Desktop/leJOS_NXJ_0.9.1beta-3/bin:/usr/lib64/qt-3.3/bin:/usr/local/bin/:/usr/games:/usr/local/sbin:/usr/bin:/bin:/opt/sicstus-4.0.1/bin
LD_LIBRARY_PATH=/usr/lib64/xulrunner-addons
SHELL=/bin/bash
DISPLAY=:0.0

Signal Handlers:
SIGSEGV: [libjvm.so+0x9249f0], sa_mask[0]=0x7ffbfeff, sa_flags=0x10000004
SIGBUS: [libjvm.so+0x9249f0], sa_mask[0]=0x7ffbfeff, sa_flags=0x10000004
SIGFPE: [libjvm.so+0x7b25a0], sa_mask[0]=0x7ffbfeff, sa_flags=0x10000004
SIGPIPE: [libjvm.so+0x7b25a0], sa_mask[0]=0x7ffbfeff, sa_flags=0x10000004
SIGXFSZ: [libjvm.so+0x7b25a0], sa_mask[0]=0x7ffbfeff, sa_flags=0x10000004
SIGILL: [libjvm.so+0x7b25a0], sa_mask[0]=0x7ffbfeff, sa_flags=0x10000004
SIGUSR1: SIG_DFL, sa_mask[0]=0x00000000, sa_flags=0x00000000
SIGUSR2: [libjvm.so+0x7b3a30], sa_mask[0]=0x00000004, sa_flags=0x10000004
SIGHUP: SIG_DFL, sa_mask[0]=0x00000000, sa_flags=0x00000000
SIGINT: SIG_DFL, sa_mask[0]=0x00000000, sa_flags=0x00000000
SIGTERM: SIG_DFL, sa_mask[0]=0x00000000, sa_flags=0x00000000
SIGQUIT: SIG_DFL, sa_mask[0]=0x00000000, sa_flags=0x00000000


---------------  S Y S T E M  ---------------

OS:Scientific Linux release 6.4 (Carbon)

uname:Linux 2.6.32-358.6.2.el6.x86_64 #1 SMP Thu May 16 11:21:38 CDT 2013 x86_64
libc:glibc 2.12 NPTL 2.12 
rlimit: STACK 10240k, CORE 0k, NPROC 1024, NOFILE 4096, AS infinity
load average:0.12 0.14 0.18

/proc/meminfo:
MemTotal:        3947928 kB
MemFree:         1472080 kB
Buffers:          200624 kB
Cached:           970124 kB
SwapCached:            0 kB
Active:          1389636 kB
Inactive:         779256 kB
Active(anon):     943200 kB
Inactive(anon):   120156 kB
Active(file):     446436 kB
Inactive(file):   659100 kB
Unevictable:        8236 kB
Mlocked:            8236 kB
SwapTotal:       4096564 kB
SwapFree:        4096564 kB
Dirty:               332 kB
Writeback:             0 kB
AnonPages:       1002516 kB
Mapped:           148188 kB
Shmem:             57972 kB
Slab:             200852 kB
SReclaimable:     165644 kB
SUnreclaim:        35208 kB
KernelStack:        3376 kB
PageTables:        35880 kB
NFS_Unstable:          0 kB
Bounce:                0 kB
WritebackTmp:          0 kB
CommitLimit:     6070528 kB
Committed_AS:    2519800 kB
VmallocTotal:   34359738367 kB
VmallocUsed:      366668 kB
VmallocChunk:   34359323660 kB
HardwareCorrupted:     0 kB
AnonHugePages:    581632 kB
HugePages_Total:       0
HugePages_Free:        0
HugePages_Rsvd:        0
HugePages_Surp:        0
Hugepagesize:       2048 kB
DirectMap4k:        9860 kB
DirectMap2M:     4077568 kB


CPU:total 2 (2 cores per cpu, 1 threads per core) family 6 model 23 stepping 10, cmov, cx8, fxsr, mmx, sse, sse2, sse3, ssse3, sse4.1, tsc

/proc/cpuinfo:
processor	: 0
vendor_id	: GenuineIntel
cpu family	: 6
model		: 23
model name	: Intel(R) Core(TM)2 Duo CPU     E8400  @ 3.00GHz
stepping	: 10
cpu MHz		: 3000.000
cache size	: 6144 KB
physical id	: 0
siblings	: 2
core id		: 0
cpu cores	: 2
apicid		: 0
initial apicid	: 0
fpu		: yes
fpu_exception	: yes
cpuid level	: 13
wp		: yes
flags		: fpu vme de pse tsc msr pae mce cx8 apic sep mtrr pge mca cmov pat pse36 clflush dts acpi mmx fxsr sse sse2 ss ht tm pbe syscall nx lm constant_tsc arch_perfmon pebs bts rep_good aperfmperf pni dtes64 monitor ds_cpl vmx smx est tm2 ssse3 cx16 xtpr pdcm sse4_1 xsave lahf_lm dts tpr_shadow vnmi flexpriority
bogomips	: 5985.25
clflush size	: 64
cache_alignment	: 64
address sizes	: 36 bits physical, 48 bits virtual
power management:

processor	: 1
vendor_id	: GenuineIntel
cpu family	: 6
model		: 23
model name	: Intel(R) Core(TM)2 Duo CPU     E8400  @ 3.00GHz
stepping	: 10
cpu MHz		: 3000.000
cache size	: 6144 KB
physical id	: 0
siblings	: 2
core id		: 1
cpu cores	: 2
apicid		: 1
initial apicid	: 1
fpu		: yes
fpu_exception	: yes
cpuid level	: 13
wp		: yes
flags		: fpu vme de pse tsc msr pae mce cx8 apic sep mtrr pge mca cmov pat pse36 clflush dts acpi mmx fxsr sse sse2 ss ht tm pbe syscall nx lm constant_tsc arch_perfmon pebs bts rep_good aperfmperf pni dtes64 monitor ds_cpl vmx smx est tm2 ssse3 cx16 xtpr pdcm sse4_1 xsave lahf_lm dts tpr_shadow vnmi flexpriority
bogomips	: 5985.25
clflush size	: 64
cache_alignment	: 64
address sizes	: 36 bits physical, 48 bits virtual
power management:



Memory: 4k page, physical 3947928k(1471956k free), swap 4096564k(4096564k free)

vm_info: OpenJDK 64-Bit Server VM (24.45-b08) for linux-amd64 JRE (1.7.0_45-mockbuild_2013_10_22_13_40-b00), built on Oct 22 2013 13:49:11 by "mockbuild" with gcc 4.4.7 20120313 (Red Hat 4.4.7-3)

time: Mon Jan 27 13:48:12 2014
elapsed time: 0 seconds

